[debug] [2020-11-21T20:55:59.115Z] ----------------------------------------------------------------------
[debug] [2020-11-21T20:55:59.117Z] Command:       C:\Program Files\nodejs\node.exe C:\Users\Sen\AppData\Roaming\npm\node_modules\firebase-tools\lib\bin\firebase.js init
[debug] [2020-11-21T20:55:59.117Z] CLI Version:   8.16.2
[debug] [2020-11-21T20:55:59.117Z] Platform:      win32
[debug] [2020-11-21T20:55:59.117Z] Node Version:  v12.19.0
[debug] [2020-11-21T20:55:59.119Z] Time:          Sat Nov 21 2020 21:55:59 GMT+0100 (GMT+01:00)
[debug] [2020-11-21T20:55:59.119Z] ----------------------------------------------------------------------
[debug] [2020-11-21T20:55:59.119Z] 
[debug] [2020-11-21T20:55:59.126Z] > command requires scopes: ["email","openid","https://www.googleapis.com/auth/cloudplatformprojects.readonly","https://www.googleapis.com/auth/firebase","https://www.googleapis.com/auth/cloud-platform"]
[debug] [2020-11-21T20:55:59.127Z] > authorizing via signed-in user
[info] 
     ######## #### ########  ######## ########     ###     ######  ########
     ##        ##  ##     ## ##       ##     ##  ##   ##  ##       ##
     ######    ##  ########  ######   ########  #########  ######  ######
     ##        ##  ##    ##  ##       ##     ## ##     ##       ## ##
     ##       #### ##     ## ######## ########  ##     ##  ######  ########

You're about to initialize a Firebase project in this directory:

  E:\Bibliothèques\Documents\Projects\google-pals

[info] 
=== Project Setup
[info] 
[info] First, let's associate this project directory with a Firebase project.
[info] You can create multiple project aliases by running firebase use --add, 
[info] but for now we'll just set up a default project.
[info] 
